<?xml version="1.0" encoding="UTF-8"?>
<!-- Generated by org.testng.reporters.JUnitXMLReporter -->
<testsuite ignored="0" hostname="LAPTOP-URBL5M10" failures="0" tests="3" name="Test1" time="11.522" errors="0" timestamp="2023-10-24T23:00:05 EDT">
  <testcase classname="lecturesForAnnotations.AnnotationPractie" name="verifyTitle" time="0.036"/>
  <testcase classname="lecturesForAnnotations.AnnotationPractie" name="verifyPageText" time="0.164"/>
  <testcase classname="lecturesForAnnotations.AnnotationPractie" name="VerifyColorLogin" time="0.061"/>
</testsuite> <!-- Test1 -->
