<?xml version="1.0" encoding="UTF-8"?>
<!-- Generated by org.testng.reporters.JUnitXMLReporter -->
<testsuite ignored="0" hostname="LAPTOP-URBL5M10" failures="0" tests="3" name="Test" time="10.577" errors="0" timestamp="2023-10-24T22:39:04 EDT">
  <testcase classname="lecturesForAnnotations.AnnotationPractie" name="verifyTitle" time="0.032"/>
  <testcase classname="lecturesForAnnotations.AnnotationPractie" name="verifyPageText" time="0.147"/>
  <testcase classname="lecturesForAnnotations.AnnotationPractie" name="VerifyColorLogin" time="0.054"/>
</testsuite> <!-- Test -->
