<?xml version="1.0" encoding="UTF-8"?>
<!-- Generated by org.testng.reporters.JUnitXMLReporter -->
<testsuite ignored="0" hostname="LAPTOP-URBL5M10" failures="1" tests="3" name="Test3" time="11.651" errors="0" timestamp="2023-10-24T23:00:27 EDT">
  <testcase classname="lecturesForAnnotations.AnnotationPractie" name="verifyTitle" time="0.015"/>
  <testcase classname="lecturesForAnnotations.AnnotationPractie" name="verifyPageText" time="0.084"/>
  <testcase classname="lecturesForAnnotations.AnnotationPractie" name="VerifyColorLogin" time="0.096">
    <failure type="org.junit.ComparisonFailure" message="expected:&amp;lt;rgb[(24, 119, 242])&amp;gt; but was:&amp;lt;rgb[a(24, 119, 242, 1])&amp;gt;">
      <![CDATA[org.junit.ComparisonFailure: expected:<rgb[(24, 119, 242])> but was:<rgb[a(24, 119, 242, 1])>
at org.junit.Assert.assertEquals(Assert.java:117)
at org.junit.Assert.assertEquals(Assert.java:146)
at lecturesForAnnotations.AnnotationPractie.VerifyColorLogin(AnnotationPractie.java:67)
at java.base/java.util.ArrayList.forEach(ArrayList.java:1511)
... Removed 27 stack frames]]>
    </failure>
  </testcase> <!-- VerifyColorLogin -->
</testsuite> <!-- Test3 -->
