<?xml version="1.0" encoding="UTF-8"?>
<!-- Generated by org.testng.reporters.JUnitXMLReporter -->
<testsuite ignored="2" hostname="LAPTOP-URBL5M10" failures="0" tests="2" name="Test" time="20.508" errors="0" timestamp="2023-10-23T22:27:20 EDT">
  <testcase classname="lecturesForAnnotations.AnnotationPractie" name="verifyTitle" time="0.031"/>
  <testcase classname="lecturesForAnnotations.HamidtestCase" name="verifyTitleHamid" time="4.664"/>
  <testcase classname="lecturesForAnnotations.AnnotationPractie" name="verifyPageText" time="0.0">
    <ignored/>
  </testcase> <!-- verifyPageText -->
  <testcase classname="lecturesForAnnotations.AnnotationPractie" name="VerifyColorLogin" time="0.0">
    <ignored/>
  </testcase> <!-- VerifyColorLogin -->
</testsuite> <!-- Test -->
