<?xml version="1.0" encoding="UTF-8"?>
<testng-results ignored="0" total="1" passed="1" failed="0" skipped="0">
  <reporter-output>
  </reporter-output>
  <suite started-at="2023-10-25T22:29:54 EDT" name="Default suite" finished-at="2023-10-25T22:30:05 EDT" duration-ms="11147">
    <groups>
    </groups>
    <test started-at="2023-10-25T22:29:54 EDT" name="Default test" finished-at="2023-10-25T22:30:05 EDT" duration-ms="11147">
      <class name="lecturesForAnnotations.WindowsHandlePrac">
        <test-method is-config="true" signature="launchApplication()[pri:0, instance:lecturesForAnnotations.WindowsHandlePrac@18d87d80]" started-at="2023-10-25T22:29:54 EDT" name="launchApplication" finished-at="2023-10-25T22:30:01 EDT" duration-ms="7142" status="PASS">
          <reporter-output>
          </reporter-output>
        </test-method> <!-- launchApplication -->
        <test-method signature="loginInstaGram()[pri:0, instance:lecturesForAnnotations.WindowsHandlePrac@18d87d80]" started-at="2023-10-25T22:30:01 EDT" name="loginInstaGram" finished-at="2023-10-25T22:30:05 EDT" duration-ms="3904" status="PASS">
          <reporter-output>
          </reporter-output>
        </test-method> <!-- loginInstaGram -->
      </class> <!-- lecturesForAnnotations.WindowsHandlePrac -->
    </test> <!-- Default test -->
  </suite> <!-- Default suite -->
</testng-results>
